<?xml version="1.0" encoding="UTF-8"?>
<testsuite xmlns:xsi="http://www.w3.org/2001/XMLSchema-instance" xsi:noNamespaceSchemaLocation="https://maven.apache.org/surefire/maven-surefire-plugin/xsd/surefire-test-report.xsd" name="RestAssuredGetAllureTest" time="4.304" tests="3" errors="0" skipped="0" failures="2">
  <properties>
    <property name="sun.desktop" value="windows"/>
    <property name="awt.toolkit" value="sun.awt.windows.WToolkit"/>
    <property name="java.specification.version" value="11"/>
    <property name="sun.cpu.isalist" value="amd64"/>
    <property name="sun.jnu.encoding" value="Cp1251"/>
    <property name="java.class.path" value="C:\Users\Dkubasova\git\Sprint_3\target\test-classes;C:\Users\Dkubasova\git\Sprint_3\target\classes;C:\Users\Dkubasova\.m2\repository\junit\junit\4.13.2\junit-4.13.2.jar;C:\Users\Dkubasova\.m2\repository\org\hamcrest\hamcrest-core\1.3\hamcrest-core-1.3.jar;C:\Users\Dkubasova\.m2\repository\io\rest-assured\rest-assured\4.4.0\rest-assured-4.4.0.jar;C:\Users\Dkubasova\.m2\repository\org\codehaus\groovy\groovy\3.0.8\groovy-3.0.8.jar;C:\Users\Dkubasova\.m2\repository\org\codehaus\groovy\groovy-xml\3.0.8\groovy-xml-3.0.8.jar;C:\Users\Dkubasova\.m2\repository\org\apache\httpcomponents\httpclient\4.5.13\httpclient-4.5.13.jar;C:\Users\Dkubasova\.m2\repository\org\apache\httpcomponents\httpcore\4.4.13\httpcore-4.4.13.jar;C:\Users\Dkubasova\.m2\repository\commons-logging\commons-logging\1.2\commons-logging-1.2.jar;C:\Users\Dkubasova\.m2\repository\commons-codec\commons-codec\1.11\commons-codec-1.11.jar;C:\Users\Dkubasova\.m2\repository\org\apache\httpcomponents\httpmime\4.5.13\httpmime-4.5.13.jar;C:\Users\Dkubasova\.m2\repository\org\hamcrest\hamcrest\2.1\hamcrest-2.1.jar;C:\Users\Dkubasova\.m2\repository\org\ccil\cowan\tagsoup\tagsoup\1.2.1\tagsoup-1.2.1.jar;C:\Users\Dkubasova\.m2\repository\io\rest-assured\json-path\4.4.0\json-path-4.4.0.jar;C:\Users\Dkubasova\.m2\repository\org\codehaus\groovy\groovy-json\3.0.8\groovy-json-3.0.8.jar;C:\Users\Dkubasova\.m2\repository\io\rest-assured\rest-assured-common\4.4.0\rest-assured-common-4.4.0.jar;C:\Users\Dkubasova\.m2\repository\io\rest-assured\xml-path\4.4.0\xml-path-4.4.0.jar;C:\Users\Dkubasova\.m2\repository\org\apache\commons\commons-lang3\3.11\commons-lang3-3.11.jar;C:\Users\Dkubasova\.m2\repository\jakarta\xml\bind\jakarta.xml.bind-api\2.3.3\jakarta.xml.bind-api-2.3.3.jar;C:\Users\Dkubasova\.m2\repository\jakarta\activation\jakarta.activation-api\1.2.2\jakarta.activation-api-1.2.2.jar;C:\Users\Dkubasova\.m2\repository\com\sun\xml\bind\jaxb-impl\2.3.3\jaxb-impl-2.3.3.jar;"/>
    <property name="java.vm.vendor" value="Amazon.com Inc."/>
    <property name="sun.arch.data.model" value="64"/>
    <property name="user.variant" value=""/>
    <property name="java.vendor.url" value="https://aws.amazon.com/corretto/"/>
    <property name="user.timezone" value="Europe/Moscow"/>
    <property name="java.vm.specification.version" value="11"/>
    <property name="os.name" value="Windows 10"/>
    <property name="sun.java.launcher" value="SUN_STANDARD"/>
    <property name="user.country" value="RU"/>
    <property name="sun.boot.library.path" value="C:\Program Files\Amazon Corretto\jdk11.0.13_8\bin"/>
    <property name="sun.java.command" value="C:\Users\DKUBAS~1\AppData\Local\Temp\surefire11969804332193654845\surefirebooter16353394378551448176.jar C:\Users\Dkubasova\AppData\Local\Temp\surefire11969804332193654845 2022-05-27T21-48-08_784-jvmRun1 surefire1175046981167860953tmp surefire_014960472983961865935tmp"/>
    <property name="jdk.debug" value="release"/>
    <property name="surefire.test.class.path" value="C:\Users\Dkubasova\git\Sprint_3\target\test-classes;C:\Users\Dkubasova\git\Sprint_3\target\classes;C:\Users\Dkubasova\.m2\repository\junit\junit\4.13.2\junit-4.13.2.jar;C:\Users\Dkubasova\.m2\repository\org\hamcrest\hamcrest-core\1.3\hamcrest-core-1.3.jar;C:\Users\Dkubasova\.m2\repository\io\rest-assured\rest-assured\4.4.0\rest-assured-4.4.0.jar;C:\Users\Dkubasova\.m2\repository\org\codehaus\groovy\groovy\3.0.8\groovy-3.0.8.jar;C:\Users\Dkubasova\.m2\repository\org\codehaus\groovy\groovy-xml\3.0.8\groovy-xml-3.0.8.jar;C:\Users\Dkubasova\.m2\repository\org\apache\httpcomponents\httpclient\4.5.13\httpclient-4.5.13.jar;C:\Users\Dkubasova\.m2\repository\org\apache\httpcomponents\httpcore\4.4.13\httpcore-4.4.13.jar;C:\Users\Dkubasova\.m2\repository\commons-logging\commons-logging\1.2\commons-logging-1.2.jar;C:\Users\Dkubasova\.m2\repository\commons-codec\commons-codec\1.11\commons-codec-1.11.jar;C:\Users\Dkubasova\.m2\repository\org\apache\httpcomponents\httpmime\4.5.13\httpmime-4.5.13.jar;C:\Users\Dkubasova\.m2\repository\org\hamcrest\hamcrest\2.1\hamcrest-2.1.jar;C:\Users\Dkubasova\.m2\repository\org\ccil\cowan\tagsoup\tagsoup\1.2.1\tagsoup-1.2.1.jar;C:\Users\Dkubasova\.m2\repository\io\rest-assured\json-path\4.4.0\json-path-4.4.0.jar;C:\Users\Dkubasova\.m2\repository\org\codehaus\groovy\groovy-json\3.0.8\groovy-json-3.0.8.jar;C:\Users\Dkubasova\.m2\repository\io\rest-assured\rest-assured-common\4.4.0\rest-assured-common-4.4.0.jar;C:\Users\Dkubasova\.m2\repository\io\rest-assured\xml-path\4.4.0\xml-path-4.4.0.jar;C:\Users\Dkubasova\.m2\repository\org\apache\commons\commons-lang3\3.11\commons-lang3-3.11.jar;C:\Users\Dkubasova\.m2\repository\jakarta\xml\bind\jakarta.xml.bind-api\2.3.3\jakarta.xml.bind-api-2.3.3.jar;C:\Users\Dkubasova\.m2\repository\jakarta\activation\jakarta.activation-api\1.2.2\jakarta.activation-api-1.2.2.jar;C:\Users\Dkubasova\.m2\repository\com\sun\xml\bind\jaxb-impl\2.3.3\jaxb-impl-2.3.3.jar;"/>
    <property name="sun.cpu.endian" value="little"/>
    <property name="user.home" value="C:\Users\Dkubasova"/>
    <property name="user.language" value="ru"/>
    <property name="java.specification.vendor" value="Oracle Corporation"/>
    <property name="java.version.date" value="2021-10-19"/>
    <property name="java.home" value="C:\Program Files\Amazon Corretto\jdk11.0.13_8"/>
    <property name="file.separator" value="\"/>
    <property name="basedir" value="C:\Users\Dkubasova\git\Sprint_3"/>
    <property name="java.vm.compressedOopsMode" value="32-bit"/>
    <property name="line.separator" value="&#10;"/>
    <property name="java.specification.name" value="Java Platform API Specification"/>
    <property name="java.vm.specification.vendor" value="Oracle Corporation"/>
    <property name="java.awt.graphicsenv" value="sun.awt.Win32GraphicsEnvironment"/>
    <property name="surefire.real.class.path" value="C:\Users\DKUBAS~1\AppData\Local\Temp\surefire11969804332193654845\surefirebooter16353394378551448176.jar"/>
    <property name="user.script" value=""/>
    <property name="sun.management.compiler" value="HotSpot 64-Bit Tiered Compilers"/>
    <property name="java.runtime.version" value="11.0.13+8-LTS"/>
    <property name="user.name" value="dkubasova"/>
    <property name="path.separator" value=";"/>
    <property name="os.version" value="10.0"/>
    <property name="java.runtime.name" value="OpenJDK Runtime Environment"/>
    <property name="file.encoding" value="Cp1251"/>
    <property name="java.vm.name" value="OpenJDK 64-Bit Server VM"/>
    <property name="java.vendor.version" value="Corretto-11.0.13.8.1"/>
    <property name="localRepository" value="C:\Users\Dkubasova\.m2\repository"/>
    <property name="java.vendor.url.bug" value="https://github.com/corretto/corretto-11/issues/"/>
    <property name="java.io.tmpdir" value="C:\Users\DKUBAS~1\AppData\Local\Temp\"/>
    <property name="idea.version" value="2021.1.3"/>
    <property name="java.version" value="11.0.13"/>
    <property name="user.dir" value="C:\Users\Dkubasova\git\Sprint_3"/>
    <property name="os.arch" value="amd64"/>
    <property name="java.vm.specification.name" value="Java Virtual Machine Specification"/>
    <property name="java.awt.printerjob" value="sun.awt.windows.WPrinterJob"/>
    <property name="sun.os.patch.level" value=""/>
    <property name="java.library.path" value="C:\Program Files\Amazon Corretto\jdk11.0.13_8\bin;C:\Windows\Sun\Java\bin;C:\Windows\system32;C:\Windows;C:\Program Files\Amazon Corretto\jdk11.0.13_8\bin;C:\tools\apache-maven-3.8.4\bin;c:\windows\system32;c:\windows;c:\windows\system32\wbem;c:\windows\system32\windowspowershell\v1.0\;c:\windows\system32\openssh\;c:\windows\ccm;c:\windows\ccm;c:\windows\ccm;c:\windows\ccm;c:\windows\ccm;c:\windows\ccm;c:\windows\ccm;c:\windows\ccm;c:\windows\ccm;c:\windows\ccm;c:\windows\ccm;c:\windows\ccm;c:\program files\git\cmd;c:\tools;c:\windows\system32\config\systemprofile\appdata\local\microsoft\windowsapps;C:\Program Files\Git\cmd;C:\Users\Dkubasova\AppData\Local\Programs\Python\Python39\Scripts\;C:\Users\Dkubasova\AppData\Local\Programs\Python\Python39\;C:\Users\Dkubasova\AppData\Local\Microsoft\WindowsApps;C:\Users\Dkubasova\AppData\Local\GitHubDesktop\bin;C:\Program Files\JetBrains\IntelliJ IDEA Community Edition 2021.1.3\bin;;."/>
    <property name="java.vm.info" value="mixed mode"/>
    <property name="java.vendor" value="Amazon.com Inc."/>
    <property name="java.vm.version" value="11.0.13+8-LTS"/>
    <property name="sun.io.unicode.encoding" value="UnicodeLittle"/>
    <property name="java.class.version" value="55.0"/>
  </properties>
  <testcase name="checkUserName" classname="RestAssuredGetAllureTest" time="3.847">
    <failure message="1 expectation failed.&#10;JSON path data.name doesn&apos;t match.&#10;Expected: Р’Р°СЃРёР»РёР№ Р’Р°СЃРёР»СЊРµРІ&#10;  Actual: Василий Васильев&#10;" type="java.lang.AssertionError">java.lang.AssertionError: 
1 expectation failed.
JSON path data.name doesn't match.
Expected: Р’Р°СЃРёР»РёР№ Р’Р°СЃРёР»СЊРµРІ
  Actual: Василий Васильев

	at RestAssuredGetAllureTest.checkUserName(RestAssuredGetAllureTest.java:31)
</failure>
  </testcase>
  <testcase name="checkUserNameAndPrintResponseBody" classname="RestAssuredGetAllureTest" time="0.167">
    <failure message="1 expectation failed.&#10;JSON path data.name doesn&apos;t match.&#10;Expected: Р’Р°СЃРёР»РёР№ Р’Р°СЃРёР»СЊРµРІ&#10;  Actual: Василий Васильев&#10;" type="java.lang.AssertionError">java.lang.AssertionError: 
1 expectation failed.
JSON path data.name doesn't match.
Expected: Р’Р°СЃРёР»РёР№ Р’Р°СЃРёР»СЊРµРІ
  Actual: Василий Васильев

	at RestAssuredGetAllureTest.checkUserNameAndPrintResponseBody(RestAssuredGetAllureTest.java:40)
</failure>
  </testcase>
  <testcase name="getMyInfoStatusCode" classname="RestAssuredGetAllureTest" time="0.2"/>
</testsuite>